<?xml version="1.0" encoding="UTF-8"?>
<!-- Generated by org.testng.reporters.JUnitXMLReporter -->
<testsuite ignored="0" hostname="DESKTOP-V4UQ4OT" failures="0" tests="3" name="Test" time="20.577" errors="0" timestamp="2022-12-09T14:36:20 IST">
  <testcase classname="testNG.ParellelTestDemo2" name="varifyUserDetails" time="13.638"/>
  <testcase classname="testNG.ParallelTestDemo" name="verifyLogo" time="13.959"/>
  <testcase classname="testNG.ParallelTestDemo" name="verifyTitle" time="6.511"/>
</testsuite> <!-- Test -->
