<?xml version="1.0" encoding="UTF-8"?>
<testng-results ignored="0" total="3" passed="3" failed="0" skipped="0">
  <reporter-output>
  </reporter-output>
  <suite started-at="2022-12-09T14:35:59 IST" name="Suite" finished-at="2022-12-09T14:36:20 IST" duration-ms="20577">
    <groups>
    </groups>
    <test started-at="2022-12-09T14:35:59 IST" name="Test" finished-at="2022-12-09T14:36:20 IST" duration-ms="20577">
      <class name="testNG.ParallelTestDemo">
        <test-method signature="verifyLogo()[pri:0, instance:testNG.ParallelTestDemo@614ca7df]" started-at="2022-12-09T14:35:59 IST" name="verifyLogo" finished-at="2022-12-09T14:36:13 IST" duration-ms="13959" status="PASS">
          <reporter-output>
          </reporter-output>
        </test-method> <!-- verifyLogo -->
        <test-method signature="verifyTitle()[pri:0, instance:testNG.ParallelTestDemo@614ca7df]" started-at="2022-12-09T14:36:13 IST" name="verifyTitle" finished-at="2022-12-09T14:36:20 IST" duration-ms="6511" status="PASS">
          <reporter-output>
          </reporter-output>
        </test-method> <!-- verifyTitle -->
      </class> <!-- testNG.ParallelTestDemo -->
      <class name="testNG.ParellelTestDemo2">
        <test-method signature="varifyUserDetails()[pri:0, instance:testNG.ParellelTestDemo2@593aaf41]" started-at="2022-12-09T14:35:59 IST" name="varifyUserDetails" finished-at="2022-12-09T14:36:13 IST" duration-ms="13638" status="PASS">
          <reporter-output>
          </reporter-output>
        </test-method> <!-- varifyUserDetails -->
      </class> <!-- testNG.ParellelTestDemo2 -->
    </test> <!-- Test -->
  </suite> <!-- Suite -->
</testng-results>
